<?xml version="1.0" encoding="UTF-8"?>
<!-- Generated by org.testng.reporters.JUnitReportReporter -->
<testsuite hostname="Monster" failures="0" tests="1" name="com.example.demo_blog_automation.LoginTest" time="0.003" errors="0" timestamp="2024-02-18T15:16:20 BDT" skipped="0">
  <testcase classname="com.example.demo_blog_automation.LoginTest" name="shouldAnswerWithTrue" time="0.003"/>
  <system-out/>
</testsuite> <!-- com.example.demo_blog_automation.LoginTest -->
