<?xml version="1.0" encoding="UTF-8"?>
<!-- Generated by org.testng.reporters.JUnitReportReporter -->
<testsuite hostname="Monster" failures="0" tests="1" name="com.example.demo_blog_automation.LoginTest" time="47.704" errors="0" timestamp="2024-02-19T11:07:49 BDT" skipped="0">
  <testcase classname="com.example.demo_blog_automation.LoginTest" name="login" time="47.704"/>
  <system-out/>
</testsuite> <!-- com.example.demo_blog_automation.LoginTest -->
